full_care_user/build/app/intermediates/manifest_merge_blame_file/debug/processDebugMainManifest/manifest-merger-blame-debug-report.txt
1<?xml version="1.0" encoding="utf-8"?>
2<manifest xmlns:android="http://schemas.android.com/apk/res/android"
3    package="com.fullcareu"
4    android:versionCode="1"
5    android:versionName="1.0.0" >
6
7    <uses-sdk
8        android:minSdkVersion="23"
9        android:targetSdkVersion="35" />
10    <!--
11         Flutter needs it to communicate with the running application
12         to allow setting breakpoints, to provide hot reload, etc.
13    -->
14    <uses-permission android:name="android.permission.INTERNET" />
14-->src/main/AndroidManifest.xml:8:5-66
14-->src/main/AndroidManifest.xml:8:22-64
15    <uses-permission android:name="android.permission.ACCESS_FINE_LOCATION" />
15-->src/main/AndroidManifest.xml:9:5-79
15-->src/main/AndroidManifest.xml:9:22-76
16    <uses-permission android:name="android.permission.ACCESS_COARSE_LOCATION" />
16-->src/main/AndroidManifest.xml:10:5-81
16-->src/main/AndroidManifest.xml:10:22-78
17
18    <queries>
18-->src/main/AndroidManifest.xml:12:5-25:15
19        <intent>
19-->src/main/AndroidManifest.xml:13:9-16:18
20            <action android:name="android.intent.action.VIEW" />
20-->src/main/AndroidManifest.xml:14:13-65
20-->src/main/AndroidManifest.xml:14:21-62
21
22            <data android:scheme="https" />
22-->src/main/AndroidManifest.xml:15:13-44
22-->src/main/AndroidManifest.xml:15:19-41
23        </intent>
24        <intent>
24-->src/main/AndroidManifest.xml:17:9-20:18
25            <action android:name="android.intent.action.DIAL" />
25-->src/main/AndroidManifest.xml:18:13-65
25-->src/main/AndroidManifest.xml:18:21-62
26
27            <data android:scheme="tel" />
27-->src/main/AndroidManifest.xml:15:13-44
27-->src/main/AndroidManifest.xml:15:19-41
28        </intent>
29        <intent>
29-->src/main/AndroidManifest.xml:21:9-24:18
30            <action android:name="android.intent.action.SEND" />
30-->src/main/AndroidManifest.xml:22:13-65
30-->src/main/AndroidManifest.xml:22:21-62
31
32            <data android:mimeType="*/*" />
32-->src/main/AndroidManifest.xml:15:13-44
33        </intent>
34        <intent>
34-->[:flutter_inappwebview_android] AndroidManifest.xml:8:9-10:18
35            <action android:name="android.support.customtabs.action.CustomTabsService" />
35-->[:flutter_inappwebview_android] AndroidManifest.xml:9:13-90
35-->[:flutter_inappwebview_android] AndroidManifest.xml:9:21-87
36        </intent>
37
38        <package android:name="com.facebook.katana" /> <!-- Needs to be explicitly declared on Android R+ -->
38-->[com.facebook.android:facebook-common:18.0.3] AndroidManifest.xml:16:9-55
38-->[com.facebook.android:facebook-common:18.0.3] AndroidManifest.xml:16:18-52
39        <package android:name="com.google.android.apps.maps" />
39-->[com.google.android.gms:play-services-maps:18.2.0] AndroidManifest.xml:33:9-64
39-->[com.google.android.gms:play-services-maps:18.2.0] AndroidManifest.xml:33:18-61
40    </queries>
41
42    <uses-permission android:name="android.permission.ACCESS_NETWORK_STATE" />
42-->[:connectivity_plus] AndroidManifest.xml:7:5-79
42-->[:connectivity_plus] AndroidManifest.xml:7:22-76
43    <uses-permission android:name="android.permission.WAKE_LOCK" /> <!-- Permissions options for the `notification` group -->
43-->[:firebase_messaging] AndroidManifest.xml:8:5-68
43-->[:firebase_messaging] AndroidManifest.xml:8:22-65
44    <uses-permission android:name="android.permission.POST_NOTIFICATIONS" />
44-->[:firebase_messaging] AndroidManifest.xml:11:5-77
44-->[:firebase_messaging] AndroidManifest.xml:11:22-74
45    <uses-permission android:name="android.permission.VIBRATE" />
45-->[:flutter_local_notifications] AndroidManifest.xml:7:5-66
45-->[:flutter_local_notifications] AndroidManifest.xml:7:22-63
46
47    <uses-feature
47-->[com.google.android.gms:play-services-maps:18.2.0] AndroidManifest.xml:26:5-28:35
48        android:glEsVersion="0x00020000"
48-->[com.google.android.gms:play-services-maps:18.2.0] AndroidManifest.xml:27:9-41
49        android:required="true" /> <!-- Required by older versions of Google Play services to create IID tokens -->
49-->[com.google.android.gms:play-services-maps:18.2.0] AndroidManifest.xml:28:9-32
50    <uses-permission android:name="com.google.android.c2dm.permission.RECEIVE" />
50-->[com.google.firebase:firebase-messaging:24.1.1] AndroidManifest.xml:26:5-82
50-->[com.google.firebase:firebase-messaging:24.1.1] AndroidManifest.xml:26:22-79
51    <uses-permission android:name="com.google.android.providers.gsf.permission.READ_GSERVICES" />
51-->[com.google.android.recaptcha:recaptcha:18.6.1] AndroidManifest.xml:9:5-98
51-->[com.google.android.recaptcha:recaptcha:18.6.1] AndroidManifest.xml:9:22-95
52    <uses-permission android:name="com.google.android.gms.permission.AD_ID" /> <!-- Support for Google Privacy Sandbox adservices API -->
52-->[com.facebook.android:facebook-core:18.0.3] AndroidManifest.xml:14:5-79
52-->[com.facebook.android:facebook-core:18.0.3] AndroidManifest.xml:14:22-76
53    <uses-permission android:name="android.permission.ACCESS_ADSERVICES_ATTRIBUTION" />
53-->[com.facebook.android:facebook-core:18.0.3] AndroidManifest.xml:16:5-88
53-->[com.facebook.android:facebook-core:18.0.3] AndroidManifest.xml:16:22-85
54    <uses-permission android:name="android.permission.ACCESS_ADSERVICES_AD_ID" />
54-->[com.facebook.android:facebook-core:18.0.3] AndroidManifest.xml:17:5-82
54-->[com.facebook.android:facebook-core:18.0.3] AndroidManifest.xml:17:22-79
55    <uses-permission android:name="android.permission.ACCESS_ADSERVICES_CUSTOM_AUDIENCE" />
55-->[com.facebook.android:facebook-core:18.0.3] AndroidManifest.xml:18:5-92
55-->[com.facebook.android:facebook-core:18.0.3] AndroidManifest.xml:18:22-89
56    <uses-permission android:name="android.permission.ACCESS_ADSERVICES_TOPICS" />
56-->[com.facebook.android:facebook-core:18.0.3] AndroidManifest.xml:19:5-83
56-->[com.facebook.android:facebook-core:18.0.3] AndroidManifest.xml:19:22-80
57
58    <permission
58-->[androidx.core:core:1.13.1] AndroidManifest.xml:22:5-24:47
59        android:name="com.fullcareu.DYNAMIC_RECEIVER_NOT_EXPORTED_PERMISSION"
59-->[androidx.core:core:1.13.1] AndroidManifest.xml:23:9-81
60        android:protectionLevel="signature" />
60-->[androidx.core:core:1.13.1] AndroidManifest.xml:24:9-44
61
62    <uses-permission android:name="com.fullcareu.DYNAMIC_RECEIVER_NOT_EXPORTED_PERMISSION" />
62-->[androidx.core:core:1.13.1] AndroidManifest.xml:26:5-97
62-->[androidx.core:core:1.13.1] AndroidManifest.xml:26:22-94
63    <uses-permission android:name="com.google.android.finsky.permission.BIND_GET_INSTALL_REFERRER_SERVICE" />
63-->[com.android.installreferrer:installreferrer:1.0] AndroidManifest.xml:9:5-110
63-->[com.android.installreferrer:installreferrer:1.0] AndroidManifest.xml:9:22-107
64
65    <application
66        android:name="android.app.Application"
67        android:appComponentFactory="androidx.core.app.CoreComponentFactory"
67-->[androidx.core:core:1.13.1] AndroidManifest.xml:28:18-86
68        android:debuggable="true"
69        android:extractNativeLibs="true"
70        android:icon="@mipmap/ic_launcher"
71        android:label="Full Care U"
72        android:requestLegacyExternalStorage="true"
73        android:supportsRtl="true"
73-->[com.facebook.android:facebook-android-sdk:18.0.3] AndroidManifest.xml:14:18-44
74        android:usesCleartextTraffic="true" >
75        <meta-data
76            android:name="com.google.android.geo.API_KEY"
77            android:value="AIzaSyBdtdGl-uFTZO1mTKHDhhrPLRKOPmoD-qE" />
78
79        <activity
80            android:name="com.fullcareu.MainActivity"
81            android:configChanges="orientation|keyboardHidden|keyboard|screenSize|smallestScreenSize|locale|layoutDirection|fontScale|screenLayout|density|uiMode"
82            android:exported="true"
83            android:hardwareAccelerated="true"
84            android:launchMode="singleTop"
85            android:theme="@style/LaunchTheme"
86            android:windowSoftInputMode="adjustResize" >
87
88            <!--
89                 Specifies an Android theme to apply to this Activity as soon as
90                 the Android process has started. This theme is visible to the user
91                 while the Flutter UI initializes. After that, this theme continues
92                 to determine the Window background behind the Flutter UI.
93            -->
94            <meta-data
95                android:name="io.flutter.embedding.android.NormalTheme"
96                android:resource="@style/NormalTheme" />
97            <!--
98                 Displays an Android View that continues showing the launch screen
99                 Drawable until Flutter paints its first frame, then this splash
100                 screen fades out. A splash screen is useful to avoid any visual
101                 gap between the end of Android's launch screen and the painting of
102                 Flutter's first frame.
103            -->
104            <meta-data
105                android:name="io.flutter.embedding.android.SplashScreenDrawable"
106                android:resource="@drawable/launch_background" />
107            <meta-data
108                android:name="com.google.firebase.messaging.default_notification_channel_id"
109                android:value="fullcareu" />
110
111            <intent-filter>
112                <action android:name="android.intent.action.MAIN" />
113
114                <category android:name="android.intent.category.LAUNCHER" />
115            </intent-filter>
116            <intent-filter>
117                <action android:name="FLUTTER_NOTIFICATION_CLICK" />
118
119                <category android:name="android.intent.category.DEFAULT" />
119-->[com.facebook.android:facebook-common:18.0.3] AndroidManifest.xml:32:17-76
119-->[com.facebook.android:facebook-common:18.0.3] AndroidManifest.xml:32:27-73
120            </intent-filter>
121        </activity>
122        <!--
123             Don't delete the meta-data below.
124             This is used by the Flutter tool to generate GeneratedPluginRegistrant.java
125        -->
126        <meta-data
127            android:name="flutterEmbedding"
128            android:value="2" />
129        <meta-data
130            android:name="com.facebook.sdk.ApplicationId"
131            android:value="@string/facebook_app_id" />
132        <meta-data
133            android:name="com.facebook.sdk.ClientToken"
134            android:value="@string/facebook_client_token" />
135
136        <!--
137        <activity
138            android:name="com.fullcareu.sign_in_with_apple.SignInWithAppleCallback"
139            android:exported="true"
140            >
141            <intent-filter>
142                <action android:name="android.intent.action.VIEW" />
143                <category android:name="android.intent.category.DEFAULT" />
144                <category android:name="android.intent.category.BROWSABLE" />
145
146                <data android:scheme="signinwithapple" />
147                <data android:path="callback" />
148            </intent-filter>
149        </activity>
150        -->
151
152        <service
152-->[:firebase_auth] AndroidManifest.xml:8:9-12:19
153            android:name="com.google.firebase.components.ComponentDiscoveryService"
153-->[:firebase_auth] AndroidManifest.xml:8:18-89
154            android:directBootAware="true"
154-->[com.google.firebase:firebase-common:21.0.0] AndroidManifest.xml:32:13-43
155            android:exported="false" >
155-->[com.google.firebase:firebase-auth:23.2.0] AndroidManifest.xml:68:13-37
156            <meta-data
156-->[:firebase_auth] AndroidManifest.xml:9:13-11:85
157                android:name="com.google.firebase.components:io.flutter.plugins.firebase.auth.FlutterFirebaseAuthRegistrar"
157-->[:firebase_auth] AndroidManifest.xml:10:17-124
158                android:value="com.google.firebase.components.ComponentRegistrar" />
158-->[:firebase_auth] AndroidManifest.xml:11:17-82
159            <meta-data
159-->[:firebase_crashlytics] AndroidManifest.xml:9:13-11:85
160                android:name="com.google.firebase.components:io.flutter.plugins.firebase.crashlytics.FlutterFirebaseAppRegistrar"
160-->[:firebase_crashlytics] AndroidManifest.xml:10:17-130
161                android:value="com.google.firebase.components.ComponentRegistrar" />
161-->[:firebase_crashlytics] AndroidManifest.xml:11:17-82
162            <meta-data
162-->[:firebase_messaging] AndroidManifest.xml:36:13-38:85
163                android:name="com.google.firebase.components:io.flutter.plugins.firebase.messaging.FlutterFirebaseAppRegistrar"
163-->[:firebase_messaging] AndroidManifest.xml:37:17-128
164                android:value="com.google.firebase.components.ComponentRegistrar" />
164-->[:firebase_messaging] AndroidManifest.xml:38:17-82
165            <meta-data
165-->[:firebase_core] AndroidManifest.xml:9:13-11:85
166                android:name="com.google.firebase.components:io.flutter.plugins.firebase.core.FlutterFirebaseCoreRegistrar"
166-->[:firebase_core] AndroidManifest.xml:10:17-124
167                android:value="com.google.firebase.components.ComponentRegistrar" />
167-->[:firebase_core] AndroidManifest.xml:11:17-82
168            <meta-data
168-->[com.google.firebase:firebase-auth:23.2.0] AndroidManifest.xml:69:13-71:85
169                android:name="com.google.firebase.components:com.google.firebase.auth.FirebaseAuthRegistrar"
169-->[com.google.firebase:firebase-auth:23.2.0] AndroidManifest.xml:70:17-109
170                android:value="com.google.firebase.components.ComponentRegistrar" />
170-->[com.google.firebase:firebase-auth:23.2.0] AndroidManifest.xml:71:17-82
171            <meta-data
171-->[com.google.firebase:firebase-messaging:24.1.1] AndroidManifest.xml:57:13-59:85
172                android:name="com.google.firebase.components:com.google.firebase.messaging.FirebaseMessagingKtxRegistrar"
172-->[com.google.firebase:firebase-messaging:24.1.1] AndroidManifest.xml:58:17-122
173                android:value="com.google.firebase.components.ComponentRegistrar" />
173-->[com.google.firebase:firebase-messaging:24.1.1] AndroidManifest.xml:59:17-82
174            <meta-data
174-->[com.google.firebase:firebase-messaging:24.1.1] AndroidManifest.xml:60:13-62:85
175                android:name="com.google.firebase.components:com.google.firebase.messaging.FirebaseMessagingRegistrar"
175-->[com.google.firebase:firebase-messaging:24.1.1] AndroidManifest.xml:61:17-119
176                android:value="com.google.firebase.components.ComponentRegistrar" />
176-->[com.google.firebase:firebase-messaging:24.1.1] AndroidManifest.xml:62:17-82
177            <meta-data
177-->[com.google.firebase:firebase-crashlytics:19.4.2] AndroidManifest.xml:15:13-17:85
178                android:name="com.google.firebase.components:com.google.firebase.crashlytics.FirebaseCrashlyticsKtxRegistrar"
178-->[com.google.firebase:firebase-crashlytics:19.4.2] AndroidManifest.xml:16:17-126
179                android:value="com.google.firebase.components.ComponentRegistrar" />
179-->[com.google.firebase:firebase-crashlytics:19.4.2] AndroidManifest.xml:17:17-82
180            <meta-data
180-->[com.google.firebase:firebase-crashlytics:19.4.2] AndroidManifest.xml:18:13-20:85
181                android:name="com.google.firebase.components:com.google.firebase.crashlytics.CrashlyticsRegistrar"
181-->[com.google.firebase:firebase-crashlytics:19.4.2] AndroidManifest.xml:19:17-115
182                android:value="com.google.firebase.components.ComponentRegistrar" />
182-->[com.google.firebase:firebase-crashlytics:19.4.2] AndroidManifest.xml:20:17-82
183            <meta-data
183-->[com.google.firebase:firebase-sessions:2.1.0] AndroidManifest.xml:29:13-31:85
184                android:name="com.google.firebase.components:com.google.firebase.sessions.FirebaseSessionsRegistrar"
184-->[com.google.firebase:firebase-sessions:2.1.0] AndroidManifest.xml:30:17-117
185                android:value="com.google.firebase.components.ComponentRegistrar" />
185-->[com.google.firebase:firebase-sessions:2.1.0] AndroidManifest.xml:31:17-82
186            <meta-data
186-->[com.google.firebase:firebase-installations:18.0.0] AndroidManifest.xml:15:13-17:85
187                android:name="com.google.firebase.components:com.google.firebase.installations.FirebaseInstallationsKtxRegistrar"
187-->[com.google.firebase:firebase-installations:18.0.0] AndroidManifest.xml:16:17-130
188                android:value="com.google.firebase.components.ComponentRegistrar" />
188-->[com.google.firebase:firebase-installations:18.0.0] AndroidManifest.xml:17:17-82
189            <meta-data
189-->[com.google.firebase:firebase-installations:18.0.0] AndroidManifest.xml:18:13-20:85
190                android:name="com.google.firebase.components:com.google.firebase.installations.FirebaseInstallationsRegistrar"
190-->[com.google.firebase:firebase-installations:18.0.0] AndroidManifest.xml:19:17-127
191                android:value="com.google.firebase.components.ComponentRegistrar" />
191-->[com.google.firebase:firebase-installations:18.0.0] AndroidManifest.xml:20:17-82
192            <meta-data
192-->[com.google.firebase:firebase-common-ktx:21.0.0] AndroidManifest.xml:12:13-14:85
193                android:name="com.google.firebase.components:com.google.firebase.ktx.FirebaseCommonLegacyRegistrar"
193-->[com.google.firebase:firebase-common-ktx:21.0.0] AndroidManifest.xml:13:17-116
194                android:value="com.google.firebase.components.ComponentRegistrar" />
194-->[com.google.firebase:firebase-common-ktx:21.0.0] AndroidManifest.xml:14:17-82
195            <meta-data
195-->[com.google.firebase:firebase-common:21.0.0] AndroidManifest.xml:35:13-37:85
196                android:name="com.google.firebase.components:com.google.firebase.FirebaseCommonKtxRegistrar"
196-->[com.google.firebase:firebase-common:21.0.0] AndroidManifest.xml:36:17-109
197                android:value="com.google.firebase.components.ComponentRegistrar" />
197-->[com.google.firebase:firebase-common:21.0.0] AndroidManifest.xml:37:17-82
198            <meta-data
198-->[com.google.firebase:firebase-datatransport:19.0.0] AndroidManifest.xml:25:13-27:85
199                android:name="com.google.firebase.components:com.google.firebase.datatransport.TransportRegistrar"
199-->[com.google.firebase:firebase-datatransport:19.0.0] AndroidManifest.xml:26:17-115
200                android:value="com.google.firebase.components.ComponentRegistrar" />
200-->[com.google.firebase:firebase-datatransport:19.0.0] AndroidManifest.xml:27:17-82
201        </service>
202        <service
202-->[:firebase_messaging] AndroidManifest.xml:14:9-17:72
203            android:name="io.flutter.plugins.firebase.messaging.FlutterFirebaseMessagingBackgroundService"
203-->[:firebase_messaging] AndroidManifest.xml:15:13-107
204            android:exported="false"
204-->[:firebase_messaging] AndroidManifest.xml:16:13-37
205            android:permission="android.permission.BIND_JOB_SERVICE" />
205-->[:firebase_messaging] AndroidManifest.xml:17:13-69
206        <service
206-->[:firebase_messaging] AndroidManifest.xml:18:9-24:19
207            android:name="io.flutter.plugins.firebase.messaging.FlutterFirebaseMessagingService"
207-->[:firebase_messaging] AndroidManifest.xml:19:13-97
208            android:exported="false" >
208-->[:firebase_messaging] AndroidManifest.xml:20:13-37
209            <intent-filter>
209-->[:firebase_messaging] AndroidManifest.xml:21:13-23:29
210                <action android:name="com.google.firebase.MESSAGING_EVENT" />
210-->[:firebase_messaging] AndroidManifest.xml:22:17-78
210-->[:firebase_messaging] AndroidManifest.xml:22:25-75
211            </intent-filter>
212        </service>
213
214        <receiver
214-->[:firebase_messaging] AndroidManifest.xml:26:9-33:20
215            android:name="io.flutter.plugins.firebase.messaging.FlutterFirebaseMessagingReceiver"
215-->[:firebase_messaging] AndroidManifest.xml:27:13-98
216            android:exported="true"
216-->[:firebase_messaging] AndroidManifest.xml:28:13-36
217            android:permission="com.google.android.c2dm.permission.SEND" >
217-->[:firebase_messaging] AndroidManifest.xml:29:13-73
218            <intent-filter>
218-->[:firebase_messaging] AndroidManifest.xml:30:13-32:29
219                <action android:name="com.google.android.c2dm.intent.RECEIVE" />
219-->[:firebase_messaging] AndroidManifest.xml:31:17-81
219-->[:firebase_messaging] AndroidManifest.xml:31:25-78
220            </intent-filter>
221        </receiver>
222
223        <provider
223-->[:firebase_messaging] AndroidManifest.xml:41:9-45:38
224            android:name="io.flutter.plugins.firebase.messaging.FlutterFirebaseMessagingInitProvider"
224-->[:firebase_messaging] AndroidManifest.xml:42:13-102
225            android:authorities="com.fullcareu.flutterfirebasemessaginginitprovider"
225-->[:firebase_messaging] AndroidManifest.xml:43:13-88
226            android:exported="false"
226-->[:firebase_messaging] AndroidManifest.xml:44:13-37
227            android:initOrder="99" />
227-->[:firebase_messaging] AndroidManifest.xml:45:13-35
228
229        <activity
229-->[:flutter_inappwebview_android] AndroidManifest.xml:14:9-18:47
230            android:name="com.pichillilorenzo.flutter_inappwebview_android.in_app_browser.InAppBrowserActivity"
230-->[:flutter_inappwebview_android] AndroidManifest.xml:15:13-112
231            android:configChanges="orientation|keyboardHidden|keyboard|screenSize|locale|layoutDirection|fontScale|screenLayout|density"
231-->[:flutter_inappwebview_android] AndroidManifest.xml:16:13-137
232            android:exported="false"
232-->[:flutter_inappwebview_android] AndroidManifest.xml:17:13-37
233            android:theme="@style/AppTheme" />
233-->[:flutter_inappwebview_android] AndroidManifest.xml:18:13-44
234        <activity
234-->[:flutter_inappwebview_android] AndroidManifest.xml:19:9-22:55
235            android:name="com.pichillilorenzo.flutter_inappwebview_android.chrome_custom_tabs.ChromeCustomTabsActivity"
235-->[:flutter_inappwebview_android] AndroidManifest.xml:20:13-120
236            android:exported="false"
236-->[:flutter_inappwebview_android] AndroidManifest.xml:21:13-37
237            android:theme="@style/ThemeTransparent" />
237-->[:flutter_inappwebview_android] AndroidManifest.xml:22:13-52
238        <activity
238-->[:flutter_inappwebview_android] AndroidManifest.xml:23:9-26:55
239            android:name="com.pichillilorenzo.flutter_inappwebview_android.chrome_custom_tabs.TrustedWebActivity"
239-->[:flutter_inappwebview_android] AndroidManifest.xml:24:13-114
240            android:exported="false"
240-->[:flutter_inappwebview_android] AndroidManifest.xml:25:13-37
241            android:theme="@style/ThemeTransparent" />
241-->[:flutter_inappwebview_android] AndroidManifest.xml:26:13-52
242        <activity
242-->[:flutter_inappwebview_android] AndroidManifest.xml:27:9-31:55
243            android:name="com.pichillilorenzo.flutter_inappwebview_android.chrome_custom_tabs.ChromeCustomTabsActivitySingleInstance"
243-->[:flutter_inappwebview_android] AndroidManifest.xml:28:13-134
244            android:exported="false"
244-->[:flutter_inappwebview_android] AndroidManifest.xml:29:13-37
245            android:launchMode="singleInstance"
245-->[:flutter_inappwebview_android] AndroidManifest.xml:30:13-48
246            android:theme="@style/ThemeTransparent" />
246-->[:flutter_inappwebview_android] AndroidManifest.xml:31:13-52
247        <activity
247-->[:flutter_inappwebview_android] AndroidManifest.xml:32:9-36:55
248            android:name="com.pichillilorenzo.flutter_inappwebview_android.chrome_custom_tabs.TrustedWebActivitySingleInstance"
248-->[:flutter_inappwebview_android] AndroidManifest.xml:33:13-128
249            android:exported="false"
249-->[:flutter_inappwebview_android] AndroidManifest.xml:34:13-37
250            android:launchMode="singleInstance"
250-->[:flutter_inappwebview_android] AndroidManifest.xml:35:13-48
251            android:theme="@style/ThemeTransparent" />
251-->[:flutter_inappwebview_android] AndroidManifest.xml:36:13-52
252
253        <receiver
253-->[:flutter_inappwebview_android] AndroidManifest.xml:38:9-41:40
254            android:name="com.pichillilorenzo.flutter_inappwebview_android.chrome_custom_tabs.ActionBroadcastReceiver"
254-->[:flutter_inappwebview_android] AndroidManifest.xml:39:13-119
255            android:enabled="true"
255-->[:flutter_inappwebview_android] AndroidManifest.xml:40:13-35
256            android:exported="false" />
256-->[:flutter_inappwebview_android] AndroidManifest.xml:41:13-37
257
258        <meta-data
258-->[:flutter_inappwebview_android] AndroidManifest.xml:43:9-45:36
259            android:name="io.flutter.embedded_views_preview"
259-->[:flutter_inappwebview_android] AndroidManifest.xml:44:13-61
260            android:value="true" />
260-->[:flutter_inappwebview_android] AndroidManifest.xml:45:13-33
261
262        <provider
262-->[:image_picker_android] AndroidManifest.xml:9:9-17:20
263            android:name="io.flutter.plugins.imagepicker.ImagePickerFileProvider"
263-->[:image_picker_android] AndroidManifest.xml:10:13-82
264            android:authorities="com.fullcareu.flutter.image_provider"
264-->[:image_picker_android] AndroidManifest.xml:11:13-74
265            android:exported="false"
265-->[:image_picker_android] AndroidManifest.xml:12:13-37
266            android:grantUriPermissions="true" >
266-->[:image_picker_android] AndroidManifest.xml:13:13-47
267            <meta-data
267-->[:image_picker_android] AndroidManifest.xml:14:13-16:75
268                android:name="android.support.FILE_PROVIDER_PATHS"
268-->[:image_picker_android] AndroidManifest.xml:15:17-67
269                android:resource="@xml/flutter_image_picker_file_paths" />
269-->[:image_picker_android] AndroidManifest.xml:16:17-72
270        </provider> <!-- Trigger Google Play services to install the backported photo picker module. -->
271        <service
271-->[:image_picker_android] AndroidManifest.xml:19:9-31:19
272            android:name="com.google.android.gms.metadata.ModuleDependencies"
272-->[:image_picker_android] AndroidManifest.xml:20:13-78
273            android:enabled="false"
273-->[:image_picker_android] AndroidManifest.xml:21:13-36
274            android:exported="false" >
274-->[:image_picker_android] AndroidManifest.xml:22:13-37
275            <intent-filter>
275-->[:image_picker_android] AndroidManifest.xml:24:13-26:29
276                <action android:name="com.google.android.gms.metadata.MODULE_DEPENDENCIES" />
276-->[:image_picker_android] AndroidManifest.xml:25:17-94
276-->[:image_picker_android] AndroidManifest.xml:25:25-91
277            </intent-filter>
278
279            <meta-data
279-->[:image_picker_android] AndroidManifest.xml:28:13-30:36
280                android:name="photopicker_activity:0:required"
280-->[:image_picker_android] AndroidManifest.xml:29:17-63
281                android:value="" />
281-->[:image_picker_android] AndroidManifest.xml:30:17-33
282        </service>
283        <service
283-->[:geolocator_android] AndroidManifest.xml:8:9-12:56
284            android:name="com.baseflow.geolocator.GeolocatorLocationService"
284-->[:geolocator_android] AndroidManifest.xml:9:13-77
285            android:enabled="true"
285-->[:geolocator_android] AndroidManifest.xml:10:13-35
286            android:exported="false"
286-->[:geolocator_android] AndroidManifest.xml:11:13-37
287            android:foregroundServiceType="location" />
287-->[:geolocator_android] AndroidManifest.xml:12:13-53
288        <service
288-->[:location] AndroidManifest.xml:11:9-15:56
289            android:name="com.lyokone.location.FlutterLocationService"
289-->[:location] AndroidManifest.xml:12:13-71
290            android:enabled="true"
290-->[:location] AndroidManifest.xml:13:13-35
291            android:exported="false"
291-->[:location] AndroidManifest.xml:14:13-37
292            android:foregroundServiceType="location" />
292-->[:location] AndroidManifest.xml:15:13-53
293        <!--
294           Declares a provider which allows us to store files to share in
295           '.../caches/share_plus' and grant the receiving action access
296        -->
297        <provider
297-->[:share_plus] AndroidManifest.xml:13:9-21:20
298            android:name="dev.fluttercommunity.plus.share.ShareFileProvider"
298-->[:share_plus] AndroidManifest.xml:14:13-77
299            android:authorities="com.fullcareu.flutter.share_provider"
299-->[:share_plus] AndroidManifest.xml:15:13-74
300            android:exported="false"
300-->[:share_plus] AndroidManifest.xml:16:13-37
301            android:grantUriPermissions="true" >
301-->[:share_plus] AndroidManifest.xml:17:13-47
302            <meta-data
302-->[:image_picker_android] AndroidManifest.xml:14:13-16:75
303                android:name="android.support.FILE_PROVIDER_PATHS"
303-->[:image_picker_android] AndroidManifest.xml:15:17-67
304                android:resource="@xml/flutter_share_file_paths" />
304-->[:image_picker_android] AndroidManifest.xml:16:17-72
305        </provider>
306        <!--
307           This manifest declared broadcast receiver allows us to use an explicit
308           Intent when creating a PendingItent to be informed of the user's choice
309        -->
310        <receiver
310-->[:share_plus] AndroidManifest.xml:26:9-32:20
311            android:name="dev.fluttercommunity.plus.share.SharePlusPendingIntent"
311-->[:share_plus] AndroidManifest.xml:27:13-82
312            android:exported="false" >
312-->[:share_plus] AndroidManifest.xml:28:13-37
313            <intent-filter>
313-->[:share_plus] AndroidManifest.xml:29:13-31:29
314                <action android:name="EXTRA_CHOSEN_COMPONENT" />
314-->[:share_plus] AndroidManifest.xml:30:17-65